[ 2017-08-04T08:26:49+08:00 ] 127.0.0.1 /Admin/brand/edit.html
ERR: 非法操作:edit

[ 2017-08-04T08:28:10+08:00 ] 127.0.0.1 /Admin/Attribute/showlist.html
ERR: 1064:You have an error in your SQL syntax; check the manual that corresponds to your MySQL server version for the right syntax to use near ')' at line 1
 [ SQL语句 ] : SELECT a.*,b.cate_name FROM tp_attribute a left join tp_cate as b on a.cate_id = b.id  WHERE ( cate_id= ) 

[ 2017-08-04T08:29:08+08:00 ] 127.0.0.1 /Admin/attribute/getAttr.html
INFO: [ app_begin ] --START--
INFO: Run Behavior\ReadHtmlCacheBehavior [ RunTime:0.001000s ]
INFO: [ app_begin ] --END-- [ RunTime:0.002000s ]
SQL: SHOW COLUMNS FROM `tp_attribute` [ RunTime:0.0060s ]
SQL: SELECT * FROM `tp_attribute` WHERE ( cate_id=1 )  [ RunTime:0.0000s ]

[ 2017-08-04T08:29:09+08:00 ] 127.0.0.1 /Admin/attribute/getAttr.html
INFO: [ app_begin ] --START--
INFO: Run Behavior\ReadHtmlCacheBehavior [ RunTime:0.000000s ]
INFO: [ app_begin ] --END-- [ RunTime:0.001000s ]
SQL: SHOW COLUMNS FROM `tp_attribute` [ RunTime:0.0050s ]
SQL: SELECT * FROM `tp_attribute` WHERE ( cate_id=2 )  [ RunTime:0.0010s ]

[ 2017-08-04T08:29:11+08:00 ] 127.0.0.1 /Admin/attribute/getAttr.html
INFO: [ app_begin ] --START--
INFO: Run Behavior\ReadHtmlCacheBehavior [ RunTime:0.000000s ]
INFO: [ app_begin ] --END-- [ RunTime:0.001000s ]
SQL: SHOW COLUMNS FROM `tp_attribute` [ RunTime:0.0070s ]
SQL: SELECT * FROM `tp_attribute` WHERE ( cate_id=3 )  [ RunTime:0.0010s ]

[ 2017-08-04T08:29:12+08:00 ] 127.0.0.1 /Admin/attribute/getAttr.html
INFO: [ app_begin ] --START--
INFO: Run Behavior\ReadHtmlCacheBehavior [ RunTime:0.001000s ]
INFO: [ app_begin ] --END-- [ RunTime:0.002000s ]
SQL: SHOW COLUMNS FROM `tp_attribute` [ RunTime:0.0040s ]
SQL: SELECT * FROM `tp_attribute` WHERE ( cate_id=0 )  [ RunTime:0.0010s ]

[ 2017-08-04T11:53:46+08:00 ] 127.0.0.1 /admin/test/test.html
ERR: 无法加载控制器:Test

