[ 2017-07-20T09:23:19+08:00 ] 127.0.0.1 /Admin/goods/__UPLOAD__
ERR: 非法操作:__UPLOAD__

[ 2017-07-20T09:23:25+08:00 ] 127.0.0.1 /Admin/goods/__UPLOAD__
ERR: 非法操作:__UPLOAD__

[ 2017-07-20T09:23:38+08:00 ] 127.0.0.1 /Admin/goods/__UPLOAD__
ERR: 非法操作:__UPLOAD__

[ 2017-07-20T09:23:46+08:00 ] 127.0.0.1 /Admin/attribute/getAttr.html
INFO: [ app_begin ] --START--
INFO: Run Behavior\ReadHtmlCacheBehavior [ RunTime:0.001000s ]
INFO: [ app_begin ] --END-- [ RunTime:0.002000s ]
SQL: SHOW COLUMNS FROM `tp_attribute` [ RunTime:0.0180s ]
SQL: SELECT * FROM `tp_attribute` WHERE ( cate_id=1 )  [ RunTime:0.0000s ]

[ 2017-07-20T09:23:55+08:00 ] 127.0.0.1 /Admin/attribute/getAttr.html
INFO: [ app_begin ] --START--
INFO: Run Behavior\ReadHtmlCacheBehavior [ RunTime:0.001000s ]
INFO: [ app_begin ] --END-- [ RunTime:0.001000s ]
SQL: SHOW COLUMNS FROM `tp_attribute` [ RunTime:0.0120s ]
SQL: SELECT * FROM `tp_attribute` WHERE ( cate_id=0 )  [ RunTime:0.0010s ]

[ 2017-07-20T09:23:56+08:00 ] 127.0.0.1 /Admin/attribute/getAttr.html
INFO: [ app_begin ] --START--
INFO: Run Behavior\ReadHtmlCacheBehavior [ RunTime:0.001000s ]
INFO: [ app_begin ] --END-- [ RunTime:0.002000s ]
SQL: SHOW COLUMNS FROM `tp_attribute` [ RunTime:0.0090s ]
SQL: SELECT * FROM `tp_attribute` WHERE ( cate_id=2 )  [ RunTime:0.0010s ]

[ 2017-07-20T09:24:01+08:00 ] 127.0.0.1 /Admin/attribute/getAttr.html
INFO: [ app_begin ] --START--
INFO: Run Behavior\ReadHtmlCacheBehavior [ RunTime:0.001000s ]
INFO: [ app_begin ] --END-- [ RunTime:0.001000s ]
SQL: SHOW COLUMNS FROM `tp_attribute` [ RunTime:0.0120s ]
SQL: SELECT * FROM `tp_attribute` WHERE ( cate_id=3 )  [ RunTime:0.0010s ]

[ 2017-07-20T09:24:06+08:00 ] 127.0.0.1 /Admin/attribute/getAttr.html
INFO: [ app_begin ] --START--
INFO: Run Behavior\ReadHtmlCacheBehavior [ RunTime:0.000000s ]
INFO: [ app_begin ] --END-- [ RunTime:0.000000s ]
SQL: SHOW COLUMNS FROM `tp_attribute` [ RunTime:0.0120s ]
SQL: SELECT * FROM `tp_attribute` WHERE ( cate_id=0 )  [ RunTime:0.0000s ]

[ 2017-07-20T09:24:08+08:00 ] 127.0.0.1 /Admin/attribute/getAttr.html
INFO: [ app_begin ] --START--
INFO: Run Behavior\ReadHtmlCacheBehavior [ RunTime:0.000000s ]
INFO: [ app_begin ] --END-- [ RunTime:0.001000s ]
SQL: SHOW COLUMNS FROM `tp_attribute` [ RunTime:0.0110s ]
SQL: SELECT * FROM `tp_attribute` WHERE ( cate_id=1 )  [ RunTime:0.0000s ]

[ 2017-07-20T09:24:10+08:00 ] 127.0.0.1 /Admin/attribute/getAttr.html
INFO: [ app_begin ] --START--
INFO: Run Behavior\ReadHtmlCacheBehavior [ RunTime:0.001000s ]
INFO: [ app_begin ] --END-- [ RunTime:0.002000s ]
SQL: SHOW COLUMNS FROM `tp_attribute` [ RunTime:0.0160s ]
SQL: SELECT * FROM `tp_attribute` WHERE ( cate_id=2 )  [ RunTime:0.0010s ]

[ 2017-07-20T09:24:12+08:00 ] 127.0.0.1 /Admin/attribute/getAttr.html
INFO: [ app_begin ] --START--
INFO: Run Behavior\ReadHtmlCacheBehavior [ RunTime:0.001000s ]
INFO: [ app_begin ] --END-- [ RunTime:0.001000s ]
SQL: SHOW COLUMNS FROM `tp_attribute` [ RunTime:0.0120s ]
SQL: SELECT * FROM `tp_attribute` WHERE ( cate_id=1 )  [ RunTime:0.0060s ]

[ 2017-07-20T09:24:19+08:00 ] 127.0.0.1 /Admin/attribute/getAttr.html
INFO: [ app_begin ] --START--
INFO: Run Behavior\ReadHtmlCacheBehavior [ RunTime:0.001000s ]
INFO: [ app_begin ] --END-- [ RunTime:0.001000s ]
SQL: SHOW COLUMNS FROM `tp_attribute` [ RunTime:0.0070s ]
SQL: SELECT * FROM `tp_attribute` WHERE ( cate_id=2 )  [ RunTime:0.0010s ]

[ 2017-07-20T09:24:20+08:00 ] 127.0.0.1 /Admin/attribute/getAttr.html
INFO: [ app_begin ] --START--
INFO: Run Behavior\ReadHtmlCacheBehavior [ RunTime:0.001000s ]
INFO: [ app_begin ] --END-- [ RunTime:0.002000s ]
SQL: SHOW COLUMNS FROM `tp_attribute` [ RunTime:0.0080s ]
SQL: SELECT * FROM `tp_attribute` WHERE ( cate_id=1 )  [ RunTime:0.0000s ]

[ 2017-07-20T09:24:23+08:00 ] 127.0.0.1 /Admin/attribute/getAttr.html
INFO: [ app_begin ] --START--
INFO: Run Behavior\ReadHtmlCacheBehavior [ RunTime:0.001000s ]
INFO: [ app_begin ] --END-- [ RunTime:0.002000s ]
SQL: SHOW COLUMNS FROM `tp_attribute` [ RunTime:0.0110s ]
SQL: SELECT * FROM `tp_attribute` WHERE ( cate_id=2 )  [ RunTime:0.0010s ]

[ 2017-07-20T09:24:24+08:00 ] 127.0.0.1 /Admin/attribute/getAttr.html
INFO: [ app_begin ] --START--
INFO: Run Behavior\ReadHtmlCacheBehavior [ RunTime:0.002000s ]
INFO: [ app_begin ] --END-- [ RunTime:0.002000s ]
SQL: SHOW COLUMNS FROM `tp_attribute` [ RunTime:0.0080s ]
SQL: SELECT * FROM `tp_attribute` WHERE ( cate_id=1 )  [ RunTime:0.0010s ]

[ 2017-07-20T14:44:10+08:00 ] 127.0.0.1 /Admin/login/login.php
ERR: 非法操作:login.php

