[ 2017-08-01T00:00:19+08:00 ] 127.0.0.1 /Admin/attribute/getAttr.html
INFO: [ app_begin ] --START--
INFO: Run Behavior\ReadHtmlCacheBehavior [ RunTime:0.001000s ]
INFO: [ app_begin ] --END-- [ RunTime:0.003000s ]
SQL: SHOW COLUMNS FROM `tp_attribute` [ RunTime:0.0500s ]
SQL: SELECT * FROM `tp_attribute` WHERE ( cate_id=1 )  [ RunTime:0.0010s ]

[ 2017-08-01T00:00:48+08:00 ] 127.0.0.1 /Admin/Goods/admin.php?c=goods&a=showlist
ERR: 非法操作:admin.php

[ 2017-08-01T00:01:07+08:00 ] 127.0.0.1 /Admin/Goods/admin.php?c=goods&a=showlist
ERR: 非法操作:admin.php

[ 2017-08-01T00:02:56+08:00 ] 127.0.0.1 /Admin/Goods/admin.php?c=goods&a=showlist
ERR: 非法操作:admin.php

[ 2017-08-01T00:17:51+08:00 ] 127.0.0.1 /Admin/attribute/getAttr.html
INFO: [ app_begin ] --START--
INFO: Run Behavior\ReadHtmlCacheBehavior [ RunTime:0.001000s ]
INFO: [ app_begin ] --END-- [ RunTime:0.002000s ]
SQL: SHOW COLUMNS FROM `tp_attribute` [ RunTime:0.0050s ]
SQL: SELECT * FROM `tp_attribute` WHERE ( cate_id=1 )  [ RunTime:0.0010s ]

[ 2017-08-01T00:18:11+08:00 ] 127.0.0.1 /Admin/goods/add.html
ERR: 不存在的图像文件

[ 2017-08-01T00:19:17+08:00 ] 127.0.0.1 /Admin/goods/add.html
ERR: 不存在的图像文件

[ 2017-08-01T00:19:28+08:00 ] 127.0.0.1 /Admin/attribute/getAttr.html
INFO: [ app_begin ] --START--
INFO: Run Behavior\ReadHtmlCacheBehavior [ RunTime:0.001000s ]
INFO: [ app_begin ] --END-- [ RunTime:0.002000s ]
SQL: SHOW COLUMNS FROM `tp_attribute` [ RunTime:0.0050s ]
SQL: SELECT * FROM `tp_attribute` WHERE ( cate_id=1 )  [ RunTime:0.0010s ]

[ 2017-08-01T00:19:40+08:00 ] 127.0.0.1 /Admin/goods/add.html
ERR: 不存在的图像文件

[ 2017-08-01T00:25:10+08:00 ] 127.0.0.1 /Admin/attribute/getAttr.html
INFO: [ app_begin ] --START--
INFO: Run Behavior\ReadHtmlCacheBehavior [ RunTime:0.001000s ]
INFO: [ app_begin ] --END-- [ RunTime:0.002001s ]
SQL: SHOW COLUMNS FROM `tp_attribute` [ RunTime:0.0120s ]
SQL: SELECT * FROM `tp_attribute` WHERE ( cate_id=1 )  [ RunTime:0.0000s ]

[ 2017-08-01T00:25:22+08:00 ] 127.0.0.1 /Admin/goods/add.html
ERR: 不存在的图像文件

[ 2017-08-01T00:26:18+08:00 ] 127.0.0.1 /Admin/attribute/getAttr.html
INFO: [ app_begin ] --START--
INFO: Run Behavior\ReadHtmlCacheBehavior [ RunTime:0.002000s ]
INFO: [ app_begin ] --END-- [ RunTime:0.002000s ]
SQL: SHOW COLUMNS FROM `tp_attribute` [ RunTime:0.0040s ]
SQL: SELECT * FROM `tp_attribute` WHERE ( cate_id=1 )  [ RunTime:0.0010s ]

[ 2017-08-01T00:26:50+08:00 ] 127.0.0.1 /Admin/attribute/getAttr.html
INFO: [ app_begin ] --START--
INFO: Run Behavior\ReadHtmlCacheBehavior [ RunTime:0.002000s ]
INFO: [ app_begin ] --END-- [ RunTime:0.004000s ]
SQL: SHOW COLUMNS FROM `tp_attribute` [ RunTime:0.0030s ]
SQL: SELECT * FROM `tp_attribute` WHERE ( cate_id=1 )  [ RunTime:0.0000s ]

[ 2017-08-01T00:27:03+08:00 ] 127.0.0.1 /Admin/goods/add.html
ERR: 不存在的图像文件

[ 2017-08-01T00:27:11+08:00 ] 127.0.0.1 /Admin/goods/add.html
ERR: 不存在的图像文件

[ 2017-08-01T00:27:26+08:00 ] 127.0.0.1 /Admin/attribute/getAttr.html
INFO: [ app_begin ] --START--
INFO: Run Behavior\ReadHtmlCacheBehavior [ RunTime:0.001000s ]
INFO: [ app_begin ] --END-- [ RunTime:0.002000s ]
SQL: SHOW COLUMNS FROM `tp_attribute` [ RunTime:0.0040s ]
SQL: SELECT * FROM `tp_attribute` WHERE ( cate_id=1 )  [ RunTime:0.0000s ]

[ 2017-08-01T00:27:35+08:00 ] 127.0.0.1 /Admin/attribute/getAttr.html
INFO: [ app_begin ] --START--
INFO: Run Behavior\ReadHtmlCacheBehavior [ RunTime:0.001000s ]
INFO: [ app_begin ] --END-- [ RunTime:0.003000s ]
SQL: SHOW COLUMNS FROM `tp_attribute` [ RunTime:0.0040s ]
SQL: SELECT * FROM `tp_attribute` WHERE ( cate_id=2 )  [ RunTime:0.0000s ]

[ 2017-08-01T00:27:37+08:00 ] 127.0.0.1 /Admin/attribute/getAttr.html
INFO: [ app_begin ] --START--
INFO: Run Behavior\ReadHtmlCacheBehavior [ RunTime:0.002000s ]
INFO: [ app_begin ] --END-- [ RunTime:0.003000s ]
SQL: SHOW COLUMNS FROM `tp_attribute` [ RunTime:0.0040s ]
SQL: SELECT * FROM `tp_attribute` WHERE ( cate_id=0 )  [ RunTime:0.0010s ]

[ 2017-08-01T00:27:37+08:00 ] 127.0.0.1 /Admin/attribute/getAttr.html
INFO: [ app_begin ] --START--
INFO: Run Behavior\ReadHtmlCacheBehavior [ RunTime:0.001000s ]
INFO: [ app_begin ] --END-- [ RunTime:0.002000s ]
SQL: SHOW COLUMNS FROM `tp_attribute` [ RunTime:0.0040s ]
SQL: SELECT * FROM `tp_attribute` WHERE ( cate_id=1 )  [ RunTime:0.0000s ]

[ 2017-08-01T00:27:45+08:00 ] 127.0.0.1 /Admin/goods/add.html
ERR: 不存在的图像文件

[ 2017-08-01T00:28:02+08:00 ] 127.0.0.1 /Admin/attribute/getAttr.html
INFO: [ app_begin ] --START--
INFO: Run Behavior\ReadHtmlCacheBehavior [ RunTime:0.000000s ]
INFO: [ app_begin ] --END-- [ RunTime:0.001000s ]
SQL: SHOW COLUMNS FROM `tp_attribute` [ RunTime:0.0040s ]
SQL: SELECT * FROM `tp_attribute` WHERE ( cate_id=1 )  [ RunTime:0.0000s ]

[ 2017-08-01T00:28:15+08:00 ] 127.0.0.1 /Admin/attribute/getAttr.html
INFO: [ app_begin ] --START--
INFO: Run Behavior\ReadHtmlCacheBehavior [ RunTime:0.001000s ]
INFO: [ app_begin ] --END-- [ RunTime:0.002000s ]
SQL: SHOW COLUMNS FROM `tp_attribute` [ RunTime:0.0040s ]
SQL: SELECT * FROM `tp_attribute` WHERE ( cate_id=1 )  [ RunTime:0.0000s ]

[ 2017-08-01T00:29:14+08:00 ] 127.0.0.1 /Admin/attribute/getAttr.html
INFO: [ app_begin ] --START--
INFO: Run Behavior\ReadHtmlCacheBehavior [ RunTime:0.001000s ]
INFO: [ app_begin ] --END-- [ RunTime:0.003000s ]
SQL: SHOW COLUMNS FROM `tp_attribute` [ RunTime:0.0040s ]
SQL: SELECT * FROM `tp_attribute` WHERE ( cate_id=1 )  [ RunTime:0.0010s ]

[ 2017-08-01T00:29:20+08:00 ] 127.0.0.1 /Admin/goods/add.html
ERR: 不存在的图像文件

[ 2017-08-01T08:26:14+08:00 ] 127.0.0.1 /Admin/attribute/getAttr.html
INFO: [ app_begin ] --START--
INFO: Run Behavior\ReadHtmlCacheBehavior [ RunTime:0.001000s ]
INFO: [ app_begin ] --END-- [ RunTime:0.001000s ]
SQL: SHOW COLUMNS FROM `tp_attribute` [ RunTime:0.0850s ]
SQL: SELECT * FROM `tp_attribute` WHERE ( cate_id=1 )  [ RunTime:0.0010s ]

[ 2017-08-01T08:50:04+08:00 ] 127.0.0.1 /Admin/goods/admin.php?c=goods&a=showlist
ERR: 非法操作:admin.php

[ 2017-08-01T08:50:59+08:00 ] 127.0.0.1 /Admin/attribute/getAttr.html
INFO: [ app_begin ] --START--
INFO: Run Behavior\ReadHtmlCacheBehavior [ RunTime:0.001000s ]
INFO: [ app_begin ] --END-- [ RunTime:0.002000s ]
SQL: SHOW COLUMNS FROM `tp_attribute` [ RunTime:0.0020s ]
SQL: SELECT * FROM `tp_attribute` WHERE ( cate_id=1 )  [ RunTime:0.0000s ]

[ 2017-08-01T09:06:03+08:00 ] 127.0.0.1 /Admin/attribute/getAttr.html
INFO: [ app_begin ] --START--
INFO: Run Behavior\ReadHtmlCacheBehavior [ RunTime:0.001000s ]
INFO: [ app_begin ] --END-- [ RunTime:0.001000s ]
SQL: SHOW COLUMNS FROM `tp_attribute` [ RunTime:0.0030s ]
SQL: SELECT * FROM `tp_attribute` WHERE ( cate_id=1 )  [ RunTime:0.0000s ]

[ 2017-08-01T09:06:17+08:00 ] 127.0.0.1 /Admin/Goods/admin.php?c=goods&a=showlist
ERR: 非法操作:admin.php

[ 2017-08-01T09:12:46+08:00 ] 127.0.0.1 /Admin/attribute/getAttr.html
INFO: [ app_begin ] --START--
INFO: Run Behavior\ReadHtmlCacheBehavior [ RunTime:0.001000s ]
INFO: [ app_begin ] --END-- [ RunTime:0.001000s ]
SQL: SHOW COLUMNS FROM `tp_attribute` [ RunTime:0.0030s ]
SQL: SELECT * FROM `tp_attribute` WHERE ( cate_id=1 )  [ RunTime:0.0000s ]

[ 2017-08-01T11:32:07+08:00 ] 127.0.0.1 /Admin/goods/pic.html
ERR: 1064:You have an error in your SQL syntax; check the manual that corresponds to your MySQL server version for the right syntax to use near ')' at line 1
 [ SQL语句 ] : SELECT * FROM `tp_pic` WHERE ( goods_id= ) 

[ 2017-08-01T11:33:24+08:00 ] 127.0.0.1 /Admin/goods/pic.html
ERR: 1064:You have an error in your SQL syntax; check the manual that corresponds to your MySQL server version for the right syntax to use near ')' at line 1
 [ SQL语句 ] : SELECT * FROM `tp_pic` WHERE ( goods_id= ) 

[ 2017-08-01T11:36:16+08:00 ] 127.0.0.1 /Admin/goods/pic.html
ERR: 1064:You have an error in your SQL syntax; check the manual that corresponds to your MySQL server version for the right syntax to use near ')' at line 1
 [ SQL语句 ] : SELECT * FROM `tp_pic` WHERE ( goods_id= ) 

[ 2017-08-01T13:01:42+08:00 ] 127.0.0.1 /Admin/attribute/getAttr.html
INFO: [ app_begin ] --START--
INFO: Run Behavior\ReadHtmlCacheBehavior [ RunTime:0.001000s ]
INFO: [ app_begin ] --END-- [ RunTime:0.001000s ]
SQL: SHOW COLUMNS FROM `tp_attribute` [ RunTime:0.0480s ]
SQL: SELECT * FROM `tp_attribute` WHERE ( cate_id=1 )  [ RunTime:0.0010s ]

[ 2017-08-01T13:02:03+08:00 ] 127.0.0.1 /Admin/attribute/getAttr.html
INFO: [ app_begin ] --START--
INFO: Run Behavior\ReadHtmlCacheBehavior [ RunTime:0.000000s ]
INFO: [ app_begin ] --END-- [ RunTime:0.001000s ]
SQL: SHOW COLUMNS FROM `tp_attribute` [ RunTime:0.0020s ]
SQL: SELECT * FROM `tp_attribute` WHERE ( cate_id=1 )  [ RunTime:0.0010s ]

[ 2017-08-01T13:26:34+08:00 ] 127.0.0.1 /Admin/Goods/picdel
INFO: [ app_begin ] --START--
INFO: Run Behavior\ReadHtmlCacheBehavior [ RunTime:0.000000s ]
INFO: [ app_begin ] --END-- [ RunTime:0.002001s ]
SQL: SHOW COLUMNS FROM `tp_goods` [ RunTime:0.0070s ]
SQL: SHOW COLUMNS FROM `tp_pic` [ RunTime:0.0030s ]
SQL: SELECT * FROM `tp_pic` WHERE `id` = 33 LIMIT 1   [ RunTime:0.0000s ]
INFO: [ app_end ] --START--
INFO: Run Behavior\ShowPageTraceBehavior [ RunTime:0.001000s ]
INFO: [ app_end ] --END-- [ RunTime:0.001000s ]

[ 2017-08-01T13:27:26+08:00 ] 127.0.0.1 /Admin/Goods/picdel
INFO: [ app_begin ] --START--
INFO: Run Behavior\ReadHtmlCacheBehavior [ RunTime:0.001001s ]
INFO: [ app_begin ] --END-- [ RunTime:0.001001s ]
SQL: SHOW COLUMNS FROM `tp_goods` [ RunTime:0.0020s ]
SQL: SHOW COLUMNS FROM `tp_pic` [ RunTime:0.0020s ]
SQL: SELECT * FROM `tp_pic` WHERE `id` = 33 LIMIT 1   [ RunTime:0.0010s ]
INFO: [ app_end ] --START--
INFO: Run Behavior\ShowPageTraceBehavior [ RunTime:0.000000s ]
INFO: [ app_end ] --END-- [ RunTime:0.000000s ]

[ 2017-08-01T13:30:19+08:00 ] 127.0.0.1 /Admin/Goods/picdel
INFO: [ app_begin ] --START--
INFO: Run Behavior\ReadHtmlCacheBehavior [ RunTime:0.000000s ]
INFO: [ app_begin ] --END-- [ RunTime:0.002000s ]
SQL: SHOW COLUMNS FROM `tp_goods` [ RunTime:0.0020s ]

[ 2017-08-01T13:30:36+08:00 ] 127.0.0.1 /Admin/Goods/picdel
INFO: [ app_begin ] --START--
INFO: Run Behavior\ReadHtmlCacheBehavior [ RunTime:0.001000s ]
INFO: [ app_begin ] --END-- [ RunTime:0.002000s ]
SQL: SHOW COLUMNS FROM `tp_goods` [ RunTime:0.0030s ]

[ 2017-08-01T13:31:04+08:00 ] 127.0.0.1 /Admin/Goods/picdel
INFO: [ app_begin ] --START--
INFO: Run Behavior\ReadHtmlCacheBehavior [ RunTime:0.002000s ]
INFO: [ app_begin ] --END-- [ RunTime:0.003000s ]
SQL: SHOW COLUMNS FROM `tp_goods` [ RunTime:0.0030s ]
SQL: SHOW COLUMNS FROM `tp_pic` [ RunTime:0.0020s ]
SQL: SELECT * FROM `tp_pic` WHERE `id` = 33 LIMIT 1   [ RunTime:0.0000s ]
NOTIC: [8] Undefined variable: model F:\tp_shop\Application\Admin\Controller\GoodsController.class.php 第 112 行.

[ 2017-08-01T13:31:11+08:00 ] 127.0.0.1 /Admin/Goods/picdel
INFO: [ app_begin ] --START--
INFO: Run Behavior\ReadHtmlCacheBehavior [ RunTime:0.001000s ]
INFO: [ app_begin ] --END-- [ RunTime:0.002001s ]
SQL: SHOW COLUMNS FROM `tp_goods` [ RunTime:0.0030s ]
SQL: SHOW COLUMNS FROM `tp_pic` [ RunTime:0.0020s ]
SQL: SELECT * FROM `tp_pic` WHERE `id` = 33 LIMIT 1   [ RunTime:0.0010s ]
NOTIC: [2] unlink(F:/tp_shop/Public/Uploads/2017-08-01/59800b0f17da5.jpg): No such file or directory F:\tp_shop\Application\Admin\Controller\GoodsController.class.php 第 109 行.
NOTIC: [2] unlink(F:/tp_shop/Public/Uploads/2017-08-01/thumb_59800b0f17da5.jpg): No such file or directory F:\tp_shop\Application\Admin\Controller\GoodsController.class.php 第 110 行.
NOTIC: [8] Undefined variable: model F:\tp_shop\Application\Admin\Controller\GoodsController.class.php 第 112 行.

[ 2017-08-01T13:32:00+08:00 ] 127.0.0.1 /Admin/Goods/picdel
INFO: [ app_begin ] --START--
INFO: Run Behavior\ReadHtmlCacheBehavior [ RunTime:0.001000s ]
INFO: [ app_begin ] --END-- [ RunTime:0.002000s ]
SQL: SHOW COLUMNS FROM `tp_goods` [ RunTime:0.0070s ]
SQL: SHOW COLUMNS FROM `tp_pic` [ RunTime:0.0030s ]
SQL: SELECT * FROM `tp_pic` WHERE `id` = 33 LIMIT 1   [ RunTime:0.0010s ]
NOTIC: [2] unlink(F:/tp_shop/Public/Uploads/2017-08-01/59800b0f17da5.jpg): No such file or directory F:\tp_shop\Application\Admin\Controller\GoodsController.class.php 第 109 行.
NOTIC: [2] unlink(F:/tp_shop/Public/Uploads/2017-08-01/thumb_59800b0f17da5.jpg): No such file or directory F:\tp_shop\Application\Admin\Controller\GoodsController.class.php 第 110 行.
SQL: DELETE FROM `tp_pic` WHERE `id` = 33 [ RunTime:0.0010s ]

[ 2017-08-01T13:32:04+08:00 ] 127.0.0.1 /Admin/Goods/picdel
INFO: [ app_begin ] --START--
INFO: Run Behavior\ReadHtmlCacheBehavior [ RunTime:0.000000s ]
INFO: [ app_begin ] --END-- [ RunTime:0.000000s ]
SQL: SHOW COLUMNS FROM `tp_goods` [ RunTime:0.1220s ]
SQL: SHOW COLUMNS FROM `tp_pic` [ RunTime:0.0070s ]
SQL: SELECT * FROM `tp_pic` WHERE `id` = 32 LIMIT 1   [ RunTime:0.0010s ]
SQL: DELETE FROM `tp_pic` WHERE `id` = 32 [ RunTime:0.0010s ]

[ 2017-08-01T13:32:59+08:00 ] 127.0.0.1 /Admin/Goods/picdel
INFO: [ app_begin ] --START--
INFO: Run Behavior\ReadHtmlCacheBehavior [ RunTime:0.001000s ]
INFO: [ app_begin ] --END-- [ RunTime:0.002000s ]
SQL: SHOW COLUMNS FROM `tp_goods` [ RunTime:0.0020s ]
SQL: SHOW COLUMNS FROM `tp_pic` [ RunTime:0.0020s ]
SQL: SELECT * FROM `tp_pic` WHERE `id` = 41 LIMIT 1   [ RunTime:0.0010s ]
SQL: DELETE FROM `tp_pic` WHERE `id` = 41 [ RunTime:0.0000s ]

[ 2017-08-01T13:33:00+08:00 ] 127.0.0.1 /Admin/Goods/picdel
INFO: [ app_begin ] --START--
INFO: Run Behavior\ReadHtmlCacheBehavior [ RunTime:0.001000s ]
INFO: [ app_begin ] --END-- [ RunTime:0.001000s ]
SQL: SHOW COLUMNS FROM `tp_goods` [ RunTime:0.0030s ]
SQL: SHOW COLUMNS FROM `tp_pic` [ RunTime:0.0020s ]
SQL: SELECT * FROM `tp_pic` WHERE `id` = 40 LIMIT 1   [ RunTime:0.0000s ]
SQL: DELETE FROM `tp_pic` WHERE `id` = 40 [ RunTime:0.0000s ]

[ 2017-08-01T16:37:17+08:00 ] 127.0.0.1 /Admin/attribute/showlist.html
ERR: 1064:You have an error in your SQL syntax; check the manual that corresponds to your MySQL server version for the right syntax to use near ')' at line 1
 [ SQL语句 ] : SELECT a.*,b.cate_name FROM tp_attribute a left join tp_cate as b on a.cate_id = b.id  WHERE ( cate_id= ) 

[ 2017-08-01T16:37:19+08:00 ] 127.0.0.1 /Admin/attribute/showlist.html
ERR: 1064:You have an error in your SQL syntax; check the manual that corresponds to your MySQL server version for the right syntax to use near ')' at line 1
 [ SQL语句 ] : SELECT a.*,b.cate_name FROM tp_attribute a left join tp_cate as b on a.cate_id = b.id  WHERE ( cate_id= ) 

[ 2017-08-01T16:38:36+08:00 ] 127.0.0.1 /Admin/attribute/showlist.html
ERR: 1064:You have an error in your SQL syntax; check the manual that corresponds to your MySQL server version for the right syntax to use near ')' at line 1
 [ SQL语句 ] : SELECT a.*,b.cate_name FROM tp_attribute a left join tp_cate as b on a.cate_id = b.id  WHERE ( cate_id= ) 

[ 2017-08-01T16:47:47+08:00 ] 127.0.0.1 /Admin/brand/edit.html
ERR: 非法操作:edit

[ 2017-08-01T16:47:51+08:00 ] 127.0.0.1 /Admin/attribute/showlist.html
ERR: 1064:You have an error in your SQL syntax; check the manual that corresponds to your MySQL server version for the right syntax to use near ')' at line 1
 [ SQL语句 ] : SELECT a.*,b.cate_name FROM tp_attribute a left join tp_cate as b on a.cate_id = b.id  WHERE ( cate_id= ) 

[ 2017-08-01T16:50:21+08:00 ] 127.0.0.1 /Admin/brand/edit.html
ERR: 非法操作:edit

[ 2017-08-01T16:50:23+08:00 ] 127.0.0.1 /Admin/brand/edit.html
ERR: 非法操作:edit

[ 2017-08-01T16:51:01+08:00 ] 127.0.0.1 /Admin/Attribute/showlist.html
ERR: 1064:You have an error in your SQL syntax; check the manual that corresponds to your MySQL server version for the right syntax to use near ')' at line 1
 [ SQL语句 ] : SELECT a.*,b.cate_name FROM tp_attribute a left join tp_cate as b on a.cate_id = b.id  WHERE ( cate_id= ) 

[ 2017-08-01T16:53:50+08:00 ] 127.0.0.1 /Admin/Attribute/showlist.html
ERR: 1064:You have an error in your SQL syntax; check the manual that corresponds to your MySQL server version for the right syntax to use near ')' at line 1
 [ SQL语句 ] : SELECT a.*,b.cate_name FROM tp_attribute a left join tp_cate as b on a.cate_id = b.id  WHERE ( cate_id= ) 

[ 2017-08-01T16:58:38+08:00 ] 127.0.0.1 /Admin/brand/edit.html
ERR: 非法操作:edit

[ 2017-08-01T16:58:44+08:00 ] 127.0.0.1 /Admin/attribute/getAttr.html
INFO: [ app_begin ] --START--
INFO: Run Behavior\ReadHtmlCacheBehavior [ RunTime:0.001000s ]
INFO: [ app_begin ] --END-- [ RunTime:0.001000s ]
SQL: SHOW COLUMNS FROM `tp_attribute` [ RunTime:0.0050s ]
SQL: SELECT * FROM `tp_attribute` WHERE ( cate_id=1 )  [ RunTime:0.0010s ]

[ 2017-08-01T16:58:46+08:00 ] 127.0.0.1 /Admin/attribute/getAttr.html
INFO: [ app_begin ] --START--
INFO: Run Behavior\ReadHtmlCacheBehavior [ RunTime:0.001000s ]
INFO: [ app_begin ] --END-- [ RunTime:0.001000s ]
SQL: SHOW COLUMNS FROM `tp_attribute` [ RunTime:0.0050s ]
SQL: SELECT * FROM `tp_attribute` WHERE ( cate_id=2 )  [ RunTime:0.0000s ]

[ 2017-08-01T16:58:47+08:00 ] 127.0.0.1 /Admin/attribute/getAttr.html
INFO: [ app_begin ] --START--
INFO: Run Behavior\ReadHtmlCacheBehavior [ RunTime:0.001000s ]
INFO: [ app_begin ] --END-- [ RunTime:0.002000s ]
SQL: SHOW COLUMNS FROM `tp_attribute` [ RunTime:0.0060s ]
SQL: SELECT * FROM `tp_attribute` WHERE ( cate_id=0 )  [ RunTime:0.0010s ]

[ 2017-08-01T16:58:49+08:00 ] 127.0.0.1 /Admin/attribute/getAttr.html
INFO: [ app_begin ] --START--
INFO: Run Behavior\ReadHtmlCacheBehavior [ RunTime:0.001000s ]
INFO: [ app_begin ] --END-- [ RunTime:0.002000s ]
SQL: SHOW COLUMNS FROM `tp_attribute` [ RunTime:0.0040s ]
SQL: SELECT * FROM `tp_attribute` WHERE ( cate_id=1 )  [ RunTime:0.0030s ]

[ 2017-08-01T16:58:50+08:00 ] 127.0.0.1 /Admin/attribute/getAttr.html
INFO: [ app_begin ] --START--
INFO: Run Behavior\ReadHtmlCacheBehavior [ RunTime:0.000000s ]
INFO: [ app_begin ] --END-- [ RunTime:0.000000s ]
SQL: SHOW COLUMNS FROM `tp_attribute` [ RunTime:0.0040s ]
SQL: SELECT * FROM `tp_attribute` WHERE ( cate_id=2 )  [ RunTime:0.0010s ]

[ 2017-08-01T16:58:52+08:00 ] 127.0.0.1 /Admin/attribute/getAttr.html
INFO: [ app_begin ] --START--
INFO: Run Behavior\ReadHtmlCacheBehavior [ RunTime:0.001000s ]
INFO: [ app_begin ] --END-- [ RunTime:0.001000s ]
SQL: SHOW COLUMNS FROM `tp_attribute` [ RunTime:0.0030s ]
SQL: SELECT * FROM `tp_attribute` WHERE ( cate_id=3 )  [ RunTime:0.0000s ]

[ 2017-08-01T16:58:53+08:00 ] 127.0.0.1 /Admin/attribute/getAttr.html
INFO: [ app_begin ] --START--
INFO: Run Behavior\ReadHtmlCacheBehavior [ RunTime:0.001000s ]
INFO: [ app_begin ] --END-- [ RunTime:0.001000s ]
SQL: SHOW COLUMNS FROM `tp_attribute` [ RunTime:0.0130s ]
SQL: SELECT * FROM `tp_attribute` WHERE ( cate_id=1 )  [ RunTime:0.0030s ]

[ 2017-08-01T17:01:46+08:00 ] 127.0.0.1 /Admin/attribute/getAttr.html
INFO: [ app_begin ] --START--
INFO: Run Behavior\ReadHtmlCacheBehavior [ RunTime:0.001000s ]
INFO: [ app_begin ] --END-- [ RunTime:0.002000s ]
SQL: SHOW COLUMNS FROM `tp_attribute` [ RunTime:0.0050s ]
SQL: SELECT * FROM `tp_attribute` WHERE ( cate_id=3 )  [ RunTime:0.0020s ]

[ 2017-08-01T17:01:56+08:00 ] 127.0.0.1 /Admin/attribute/getAttr.html
INFO: [ app_begin ] --START--
INFO: Run Behavior\ReadHtmlCacheBehavior [ RunTime:0.001000s ]
INFO: [ app_begin ] --END-- [ RunTime:0.002000s ]
SQL: SHOW COLUMNS FROM `tp_attribute` [ RunTime:0.0060s ]
SQL: SELECT * FROM `tp_attribute` WHERE ( cate_id=2 )  [ RunTime:0.0010s ]

[ 2017-08-01T17:01:58+08:00 ] 127.0.0.1 /Admin/attribute/getAttr.html
INFO: [ app_begin ] --START--
INFO: Run Behavior\ReadHtmlCacheBehavior [ RunTime:0.003000s ]
INFO: [ app_begin ] --END-- [ RunTime:0.003000s ]
SQL: SHOW COLUMNS FROM `tp_attribute` [ RunTime:0.0040s ]
SQL: SELECT * FROM `tp_attribute` WHERE ( cate_id=1 )  [ RunTime:0.0000s ]

[ 2017-08-01T17:02:00+08:00 ] 127.0.0.1 /Admin/attribute/getAttr.html
INFO: [ app_begin ] --START--
INFO: Run Behavior\ReadHtmlCacheBehavior [ RunTime:0.001000s ]
INFO: [ app_begin ] --END-- [ RunTime:0.002000s ]
SQL: SHOW COLUMNS FROM `tp_attribute` [ RunTime:0.0210s ]
SQL: SELECT * FROM `tp_attribute` WHERE ( cate_id=2 )  [ RunTime:0.0020s ]

[ 2017-08-01T17:10:52+08:00 ] 127.0.0.1 /Admin/attribute/getAttr.html
INFO: [ app_begin ] --START--
INFO: Run Behavior\ReadHtmlCacheBehavior [ RunTime:0.002001s ]
INFO: [ app_begin ] --END-- [ RunTime:0.002001s ]
SQL: SHOW COLUMNS FROM `tp_attribute` [ RunTime:0.0030s ]
SQL: SELECT * FROM `tp_attribute` WHERE ( cate_id=1 )  [ RunTime:0.0000s ]

[ 2017-08-01T17:11:42+08:00 ] 127.0.0.1 /Admin/brand/edit.html
ERR: 非法操作:edit

[ 2017-08-01T17:11:46+08:00 ] 127.0.0.1 /Admin/attribute/getAttr.html
INFO: [ app_begin ] --START--
INFO: Run Behavior\ReadHtmlCacheBehavior [ RunTime:0.001000s ]
INFO: [ app_begin ] --END-- [ RunTime:0.002000s ]
SQL: SHOW COLUMNS FROM `tp_attribute` [ RunTime:0.0040s ]
SQL: SELECT * FROM `tp_attribute` WHERE ( cate_id=1 )  [ RunTime:0.0020s ]

[ 2017-08-01T17:18:04+08:00 ] 127.0.0.1 /Admin/attribute/getAttr.html
INFO: [ app_begin ] --START--
INFO: Run Behavior\ReadHtmlCacheBehavior [ RunTime:0.001000s ]
INFO: [ app_begin ] --END-- [ RunTime:0.002000s ]
SQL: SHOW COLUMNS FROM `tp_attribute` [ RunTime:0.0060s ]
SQL: SELECT * FROM `tp_attribute` WHERE ( cate_id=1 )  [ RunTime:0.0040s ]

[ 2017-08-01T17:21:46+08:00 ] 127.0.0.1 /Admin/attribute/getAttr.html
INFO: [ app_begin ] --START--
INFO: Run Behavior\ReadHtmlCacheBehavior [ RunTime:0.002000s ]
INFO: [ app_begin ] --END-- [ RunTime:0.003000s ]
SQL: SHOW COLUMNS FROM `tp_attribute` [ RunTime:0.0040s ]
SQL: SELECT * FROM `tp_attribute` WHERE ( cate_id=1 )  [ RunTime:0.0010s ]

[ 2017-08-01T17:22:15+08:00 ] 127.0.0.1 /Admin/attribute/getAttr.html
INFO: [ app_begin ] --START--
INFO: Run Behavior\ReadHtmlCacheBehavior [ RunTime:0.001000s ]
INFO: [ app_begin ] --END-- [ RunTime:0.002000s ]
SQL: SHOW COLUMNS FROM `tp_attribute` [ RunTime:0.0040s ]
SQL: SELECT * FROM `tp_attribute` WHERE ( cate_id=1 )  [ RunTime:0.0010s ]

[ 2017-08-01T17:23:59+08:00 ] 127.0.0.1 /Admin/attribute/getAttr.html
INFO: [ app_begin ] --START--
INFO: Run Behavior\ReadHtmlCacheBehavior [ RunTime:0.000000s ]
INFO: [ app_begin ] --END-- [ RunTime:0.001000s ]
SQL: SHOW COLUMNS FROM `tp_attribute` [ RunTime:0.0050s ]
SQL: SELECT * FROM `tp_attribute` WHERE ( cate_id=1 )  [ RunTime:0.0010s ]

[ 2017-08-01T17:31:11+08:00 ] 127.0.0.1 /Admin/attribute/getAttr.html
INFO: [ app_begin ] --START--
INFO: Run Behavior\ReadHtmlCacheBehavior [ RunTime:0.001000s ]
INFO: [ app_begin ] --END-- [ RunTime:0.001000s ]
SQL: SHOW COLUMNS FROM `tp_attribute` [ RunTime:0.0040s ]
SQL: SELECT * FROM `tp_attribute` WHERE ( cate_id=1 )  [ RunTime:0.0010s ]

[ 2017-08-01T17:35:47+08:00 ] 127.0.0.1 /Admin/attribute/getAttr.html
INFO: [ app_begin ] --START--
INFO: Run Behavior\ReadHtmlCacheBehavior [ RunTime:0.001000s ]
INFO: [ app_begin ] --END-- [ RunTime:0.005000s ]
SQL: SHOW COLUMNS FROM `tp_attribute` [ RunTime:0.0020s ]
SQL: SELECT * FROM `tp_attribute` WHERE ( cate_id=1 )  [ RunTime:0.0000s ]

[ 2017-08-01T18:28:59+08:00 ] 127.0.0.1 /Admin/brand/edit.html
ERR: 非法操作:edit

[ 2017-08-01T18:30:33+08:00 ] 127.0.0.1 /Admin/attribute/getAttr.html
INFO: [ app_begin ] --START--
INFO: Run Behavior\ReadHtmlCacheBehavior [ RunTime:0.001000s ]
INFO: [ app_begin ] --END-- [ RunTime:0.002000s ]
SQL: SHOW COLUMNS FROM `tp_attribute` [ RunTime:0.0060s ]
SQL: SELECT * FROM `tp_attribute` WHERE ( cate_id=3 )  [ RunTime:0.0010s ]

